Arguments: 
  /usr/local/bin/node /usr/local/bin/yarn format

PATH: 
  /Users/matthiashaefeli/.rvm/gems/ruby-2.4.0/bin:/Users/matthiashaefeli/.rvm/gems/ruby-2.4.0@global/bin:/Users/matthiashaefeli/.rvm/rubies/ruby-2.4.0/bin:/usr/local/bin:/usr/bin:/bin:/usr/sbin:/sbin:/Users/matthiashaefeli/.rvm/bin

Yarn version: 
  0.27.5

Node version: 
  6.10.2

Platform: 
  darwin x64

npm manifest: 
  No manifest

yarn manifest: 
  No manifest

Lockfile: 
  No lockfile

Trace: 
  SyntaxError: /Users/matthiashaefeli/Documents/Devbootcamp/react/learn-react/complete-intro-to-react/package.json: Unexpected token } in JSON at position 161
      at Object.parse (native)
      at /usr/local/lib/node_modules/yarn/lib/util/fs.js:554:57
      at next (native)
      at step (/usr/local/lib/node_modules/yarn/node_modules/babel-runtime/helpers/asyncToGenerator.js:17:30)
      at /usr/local/lib/node_modules/yarn/node_modules/babel-runtime/helpers/asyncToGenerator.js:28:13
